  main.cpp
d:\ncku\課程\大四下\繪圖設計\hw2\hw2_f94041107\hw2_f94041107\main.cpp(96): warning C4244: '=': 將 '_Tp' 轉換為 '_Tp'，由於類型不同，可能導致資料遺失
          with
          [
              _Tp=int
          ]
          and
          [
              _Tp=float
          ]
d:\ncku\課程\大四下\繪圖設計\hw2\hw2_f94041107\hw2_f94041107\main.cpp(97): warning C4244: '=': 將 '_Tp' 轉換為 '_Tp'，由於類型不同，可能導致資料遺失
          with
          [
              _Tp=int
          ]
          and
          [
              _Tp=float
          ]
d:\ncku\課程\大四下\繪圖設計\hw2\hw2_f94041107\hw2_f94041107\main.cpp(98): warning C4244: '=': 將 '_Tp' 轉換為 '_Tp'，由於類型不同，可能導致資料遺失
          with
          [
              _Tp=int
          ]
          and
          [
              _Tp=float
          ]
d:\ncku\課程\大四下\繪圖設計\hw2\hw2_f94041107\hw2_f94041107\main.cpp(99): warning C4244: '=': 將 '_Tp' 轉換為 '_Tp'，由於類型不同，可能導致資料遺失
          with
          [
              _Tp=int
          ]
          and
          [
              _Tp=float
          ]
d:\ncku\課程\大四下\繪圖設計\hw2\hw2_f94041107\hw2_f94041107\main.cpp(100): warning C4244: '=': 將 '_Tp' 轉換為 '_Tp'，由於類型不同，可能導致資料遺失
          with
          [
              _Tp=int
          ]
          and
          [
              _Tp=float
          ]
d:\ncku\課程\大四下\繪圖設計\hw2\hw2_f94041107\hw2_f94041107\main.cpp(101): warning C4244: '=': 將 '_Tp' 轉換為 '_Tp'，由於類型不同，可能導致資料遺失
          with
          [
              _Tp=int
          ]
          and
          [
              _Tp=float
          ]
d:\ncku\課程\大四下\繪圖設計\hw2\hw2_f94041107\hw2_f94041107\main.cpp(138): warning C4244: '=': 將 '_Tp' 轉換為 '_Tp'，由於類型不同，可能導致資料遺失
          with
          [
              _Tp=int
          ]
          and
          [
              _Tp=float
          ]
d:\ncku\課程\大四下\繪圖設計\hw2\hw2_f94041107\hw2_f94041107\main.cpp(139): warning C4244: '=': 將 '_Tp' 轉換為 '_Tp'，由於類型不同，可能導致資料遺失
          with
          [
              _Tp=int
          ]
          and
          [
              _Tp=float
          ]
d:\ncku\課程\大四下\繪圖設計\hw2\hw2_f94041107\hw2_f94041107\main.cpp(140): warning C4244: '=': 將 '_Tp' 轉換為 '_Tp'，由於類型不同，可能導致資料遺失
          with
          [
              _Tp=int
          ]
          and
          [
              _Tp=float
          ]
d:\ncku\課程\大四下\繪圖設計\hw2\hw2_f94041107\hw2_f94041107\main.cpp(141): warning C4244: '=': 將 '_Tp' 轉換為 '_Tp'，由於類型不同，可能導致資料遺失
          with
          [
              _Tp=int
          ]
          and
          [
              _Tp=float
          ]
d:\ncku\課程\大四下\繪圖設計\hw2\hw2_f94041107\hw2_f94041107\main.cpp(144): warning C4244: '=': 將 '_Tp' 轉換為 '_Tp'，由於類型不同，可能導致資料遺失
          with
          [
              _Tp=int
          ]
          and
          [
              _Tp=float
          ]
d:\ncku\課程\大四下\繪圖設計\hw2\hw2_f94041107\hw2_f94041107\main.cpp(145): warning C4244: '=': 將 '_Tp' 轉換為 '_Tp'，由於類型不同，可能導致資料遺失
          with
          [
              _Tp=int
          ]
          and
          [
              _Tp=float
          ]
  正在產生程式碼
  0 of 144 functions ( 0.0%) were compiled, the rest were copied from previous compilation.
    0 functions were new in current compilation
    0 functions had inline decision re-evaluated but remain unchanged
  已完成程式碼產生
  HW2_F94041107.vcxproj -> D:\NCKU\課程\大四下\繪圖設計\HW2\HW2_F94041107\x64\Release\HW2_F94041107.exe
